  Determining projects to restore...
  Restored E:\Facultate\Licenta\Licenta\Licenta\Licenta.csproj (in 1.66 sec).
E:\Facultate\Licenta\Licenta\Licenta\Pages\Administrator\Staff\Assignments.cshtml.cs(87,34): warning CS8602: Dereference of a possibly null reference. [E:\Facultate\Licenta\Licenta\Licenta\Licenta.csproj]
E:\Facultate\Licenta\Licenta\Licenta\Pages\Assistant\Patients\Index.cshtml(72,52): warning CS8602: Dereference of a possibly null reference. [E:\Facultate\Licenta\Licenta\Licenta\Licenta.csproj]
E:\Facultate\Licenta\Licenta\Licenta\Pages\Assistant\Patients\Index.cshtml.cs(33,29): warning CS8602: Dereference of a possibly null reference. [E:\Facultate\Licenta\Licenta\Licenta\Licenta.csproj]
E:\Facultate\Licenta\Licenta\Licenta\Pages\Assistant\Patients\Index.cshtml.cs(34,31): warning CS8602: Dereference of a possibly null reference. [E:\Facultate\Licenta\Licenta\Licenta\Licenta.csproj]
E:\Facultate\Licenta\Licenta\Licenta\Pages\Doctor\Reports\Validate.cshtml.cs(109,28): warning CS8602: Dereference of a possibly null reference. [E:\Facultate\Licenta\Licenta\Licenta\Licenta.csproj]
E:\Facultate\Licenta\Licenta\Licenta\Pages\Assistant\Messages\Requests\Review.cshtml.cs(36,23): warning CS8601: Possible null reference assignment. [E:\Facultate\Licenta\Licenta\Licenta\Licenta.csproj]
E:\Facultate\Licenta\Licenta\Licenta\Pages\Administrator\Users\Create.cshtml.cs(112,28): warning CS8601: Possible null reference assignment. [E:\Facultate\Licenta\Licenta\Licenta\Licenta.csproj]
E:\Facultate\Licenta\Licenta\Licenta\Pages\Patient\Attachments\Upload.cshtml.cs(151,30): warning CS8602: Dereference of a possibly null reference. [E:\Facultate\Licenta\Licenta\Licenta\Licenta.csproj]
E:\Facultate\Licenta\Licenta\Licenta\Pages\Patient\Attachments\Upload.cshtml.cs(155,42): warning CS8602: Dereference of a possibly null reference. [E:\Facultate\Licenta\Licenta\Licenta\Licenta.csproj]
E:\Facultate\Licenta\Licenta\Licenta\Pages\Patient\Attachments\Upload.cshtml.cs(162,45): warning CS8602: Dereference of a possibly null reference. [E:\Facultate\Licenta\Licenta\Licenta\Licenta.csproj]
E:\Facultate\Licenta\Licenta\Licenta\Pages\Patient\Messages\CreateRequest.cshtml.cs(121,26): warning CS8602: Dereference of a possibly null reference. [E:\Facultate\Licenta\Licenta\Licenta\Licenta.csproj]
E:\Facultate\Licenta\Licenta\Licenta\Pages\Patient\Messages\CreateRequest.cshtml.cs(125,41): warning CS8602: Dereference of a possibly null reference. [E:\Facultate\Licenta\Licenta\Licenta\Licenta.csproj]
E:\Facultate\Licenta\Licenta\Licenta\Pages\Patient\Index.cshtml.cs(182,34): warning CS8602: Dereference of a possibly null reference. [E:\Facultate\Licenta\Licenta\Licenta\Licenta.csproj]
E:\Facultate\Licenta\Licenta\Licenta\Pages\Doctor\Attachments\Upload.cshtml.cs(129,34): warning CS8602: Dereference of a possibly null reference. [E:\Facultate\Licenta\Licenta\Licenta\Licenta.csproj]
E:\Facultate\Licenta\Licenta\Licenta\Pages\Doctor\Attachments\Upload.cshtml.cs(132,31): warning CS8602: Dereference of a possibly null reference. [E:\Facultate\Licenta\Licenta\Licenta\Licenta.csproj]
E:\Facultate\Licenta\Licenta\Licenta\Pages\Doctor\LabResults\Analyze.cshtml.cs(67,22): warning CS8602: Dereference of a possibly null reference. [E:\Facultate\Licenta\Licenta\Licenta\Licenta.csproj]
E:\Facultate\Licenta\Licenta\Licenta\Pages\Doctor\LabResults\Index.cshtml.cs(51,21): warning CS8602: Dereference of a possibly null reference. [E:\Facultate\Licenta\Licenta\Licenta\Licenta.csproj]
E:\Facultate\Licenta\Licenta\Licenta\Pages\Doctor\MedicalRecords\Index.cshtml(63,43): warning CS8602: Dereference of a possibly null reference. [E:\Facultate\Licenta\Licenta\Licenta\Licenta.csproj]
E:\Facultate\Licenta\Licenta\Licenta\Pages\Doctor\MedicalRecords\Create.cshtml.cs(165,31): warning CS8602: Dereference of a possibly null reference. [E:\Facultate\Licenta\Licenta\Licenta\Licenta.csproj]
E:\Facultate\Licenta\Licenta\Licenta\Pages\Doctor\MedicalRecords\Create.cshtml.cs(169,29): warning CS8602: Dereference of a possibly null reference. [E:\Facultate\Licenta\Licenta\Licenta\Licenta.csproj]
  Licenta -> E:\Facultate\Licenta\Licenta\Licenta\bin\Debug\net9.0\Licenta.dll

Build succeeded.

E:\Facultate\Licenta\Licenta\Licenta\Pages\Administrator\Staff\Assignments.cshtml.cs(87,34): warning CS8602: Dereference of a possibly null reference. [E:\Facultate\Licenta\Licenta\Licenta\Licenta.csproj]
E:\Facultate\Licenta\Licenta\Licenta\Pages\Assistant\Patients\Index.cshtml(72,52): warning CS8602: Dereference of a possibly null reference. [E:\Facultate\Licenta\Licenta\Licenta\Licenta.csproj]
E:\Facultate\Licenta\Licenta\Licenta\Pages\Assistant\Patients\Index.cshtml.cs(33,29): warning CS8602: Dereference of a possibly null reference. [E:\Facultate\Licenta\Licenta\Licenta\Licenta.csproj]
E:\Facultate\Licenta\Licenta\Licenta\Pages\Assistant\Patients\Index.cshtml.cs(34,31): warning CS8602: Dereference of a possibly null reference. [E:\Facultate\Licenta\Licenta\Licenta\Licenta.csproj]
E:\Facultate\Licenta\Licenta\Licenta\Pages\Doctor\Reports\Validate.cshtml.cs(109,28): warning CS8602: Dereference of a possibly null reference. [E:\Facultate\Licenta\Licenta\Licenta\Licenta.csproj]
E:\Facultate\Licenta\Licenta\Licenta\Pages\Assistant\Messages\Requests\Review.cshtml.cs(36,23): warning CS8601: Possible null reference assignment. [E:\Facultate\Licenta\Licenta\Licenta\Licenta.csproj]
E:\Facultate\Licenta\Licenta\Licenta\Pages\Administrator\Users\Create.cshtml.cs(112,28): warning CS8601: Possible null reference assignment. [E:\Facultate\Licenta\Licenta\Licenta\Licenta.csproj]
E:\Facultate\Licenta\Licenta\Licenta\Pages\Patient\Attachments\Upload.cshtml.cs(151,30): warning CS8602: Dereference of a possibly null reference. [E:\Facultate\Licenta\Licenta\Licenta\Licenta.csproj]
E:\Facultate\Licenta\Licenta\Licenta\Pages\Patient\Attachments\Upload.cshtml.cs(155,42): warning CS8602: Dereference of a possibly null reference. [E:\Facultate\Licenta\Licenta\Licenta\Licenta.csproj]
E:\Facultate\Licenta\Licenta\Licenta\Pages\Patient\Attachments\Upload.cshtml.cs(162,45): warning CS8602: Dereference of a possibly null reference. [E:\Facultate\Licenta\Licenta\Licenta\Licenta.csproj]
E:\Facultate\Licenta\Licenta\Licenta\Pages\Patient\Messages\CreateRequest.cshtml.cs(121,26): warning CS8602: Dereference of a possibly null reference. [E:\Facultate\Licenta\Licenta\Licenta\Licenta.csproj]
E:\Facultate\Licenta\Licenta\Licenta\Pages\Patient\Messages\CreateRequest.cshtml.cs(125,41): warning CS8602: Dereference of a possibly null reference. [E:\Facultate\Licenta\Licenta\Licenta\Licenta.csproj]
E:\Facultate\Licenta\Licenta\Licenta\Pages\Patient\Index.cshtml.cs(182,34): warning CS8602: Dereference of a possibly null reference. [E:\Facultate\Licenta\Licenta\Licenta\Licenta.csproj]
E:\Facultate\Licenta\Licenta\Licenta\Pages\Doctor\Attachments\Upload.cshtml.cs(129,34): warning CS8602: Dereference of a possibly null reference. [E:\Facultate\Licenta\Licenta\Licenta\Licenta.csproj]
E:\Facultate\Licenta\Licenta\Licenta\Pages\Doctor\Attachments\Upload.cshtml.cs(132,31): warning CS8602: Dereference of a possibly null reference. [E:\Facultate\Licenta\Licenta\Licenta\Licenta.csproj]
E:\Facultate\Licenta\Licenta\Licenta\Pages\Doctor\LabResults\Analyze.cshtml.cs(67,22): warning CS8602: Dereference of a possibly null reference. [E:\Facultate\Licenta\Licenta\Licenta\Licenta.csproj]
E:\Facultate\Licenta\Licenta\Licenta\Pages\Doctor\LabResults\Index.cshtml.cs(51,21): warning CS8602: Dereference of a possibly null reference. [E:\Facultate\Licenta\Licenta\Licenta\Licenta.csproj]
E:\Facultate\Licenta\Licenta\Licenta\Pages\Doctor\MedicalRecords\Index.cshtml(63,43): warning CS8602: Dereference of a possibly null reference. [E:\Facultate\Licenta\Licenta\Licenta\Licenta.csproj]
E:\Facultate\Licenta\Licenta\Licenta\Pages\Doctor\MedicalRecords\Create.cshtml.cs(165,31): warning CS8602: Dereference of a possibly null reference. [E:\Facultate\Licenta\Licenta\Licenta\Licenta.csproj]
E:\Facultate\Licenta\Licenta\Licenta\Pages\Doctor\MedicalRecords\Create.cshtml.cs(169,29): warning CS8602: Dereference of a possibly null reference. [E:\Facultate\Licenta\Licenta\Licenta\Licenta.csproj]
    20 Warning(s)
    0 Error(s)

Time Elapsed 00:00:08.78
[11:45:59 INF] User profile is available. Using 'C:\Users\Administrator\AppData\Local\ASP.NET\DataProtection-Keys' as key repository and Windows DPAPI to encrypt keys at rest.
[11:45:59 INF] Now listening on: http://127.0.0.1:5000
[11:45:59 INF] Application started. Press Ctrl+C to shut down.
[11:45:59 INF] Hosting environment: Development
[11:45:59 INF] Content root path: E:\Facultate\Licenta\Licenta\Licenta
[11:45:59 INF] Application started successfully
[11:46:00 INF] Request starting HTTP/1.1 GET http://127.0.0.1:5000/ - null null
[11:46:00 INF] Authorization failed. These requirements were not met:
DenyAnonymousAuthorizationRequirement: Requires an authenticated user.
[11:46:00 INF] AuthenticationScheme: Identity.Application was challenged.
[11:46:00 INF] Request finished HTTP/1.1 GET http://127.0.0.1:5000/ - 302 0 null 33.4892ms
[11:46:00 INF] Request starting HTTP/1.1 GET http://127.0.0.1:5000/Identity/Account/Login?ReturnUrl=%2F - null null
[11:46:00 INF] Executing endpoint '/Account/Login'
[11:46:00 INF] Route matched with {page = "/Account/Login", area = "Identity"}. Executing page /Account/Login
[11:46:00 INF] Executing handler method Licenta.Areas.Identity.Pages.Account.LoginModel.OnGetAsync - ModelState is Valid
[11:46:00 INF] Executed handler method OnGetAsync, returned result .
[11:46:00 INF] Executing an implicit handler method - ModelState is Valid
[11:46:00 INF] Executed an implicit handler method, returned result Microsoft.AspNetCore.Mvc.RazorPages.PageResult.
[11:46:00 WRN] The query uses the 'First'/'FirstOrDefault' operator without 'OrderBy' and filter operators. This may lead to unpredictable results.
[11:46:03 INF] Executed DbCommand (29ms) [Parameters=[], CommandType='Text', CommandTimeout='30']
SELECT TOP(1) [s].[Id], [s].[ClinicName], [s].[LogoPath], [s].[MaxUploadMb], [s].[PasswordMinLength], [s].[RequireDigit], [s].[RequireSpecialChar], [s].[RequireUppercase]
FROM [SystemSettings] AS [s]
[11:46:03 INF] Executed DbCommand (29ms) [Parameters=[], CommandType='Text', CommandTimeout='30']
SELECT CASE
    WHEN EXISTS (
        SELECT 1
        FROM [SystemSettings] AS [s]) THEN CAST(1 AS bit)
    ELSE CAST(0 AS bit)
END
[11:46:03 INF] Executed page /Account/Login in 2848.5405ms
[11:46:03 INF] Executed endpoint '/Account/Login'
[11:46:03 INF] HTTP GET /Identity/Account/Login responded 200 in 2869 ms
[11:46:03 INF] Request finished HTTP/1.1 GET http://127.0.0.1:5000/Identity/Account/Login?ReturnUrl=%2F - 200 null text/html; charset=utf-8 2880.8928ms
[11:46:03 INF] Executed DbCommand (28ms) [Parameters=[@__normalizedName_0='?' (Size = 256)], CommandType='Text', CommandTimeout='30']
SELECT TOP(1) [a].[Id], [a].[ConcurrencyStamp], [a].[Name], [a].[NormalizedName]
FROM [AspNetRoles] AS [a]
WHERE [a].[NormalizedName] = @__normalizedName_0
[11:46:03 INF] Executed DbCommand (1ms) [Parameters=[@__normalizedName_0='?' (Size = 256)], CommandType='Text', CommandTimeout='30']
SELECT TOP(1) [a].[Id], [a].[ConcurrencyStamp], [a].[Name], [a].[NormalizedName]
FROM [AspNetRoles] AS [a]
WHERE [a].[NormalizedName] = @__normalizedName_0
[11:46:03 INF] Executed DbCommand (0ms) [Parameters=[@__normalizedName_0='?' (Size = 256)], CommandType='Text', CommandTimeout='30']
SELECT TOP(1) [a].[Id], [a].[ConcurrencyStamp], [a].[Name], [a].[NormalizedName]
FROM [AspNetRoles] AS [a]
WHERE [a].[NormalizedName] = @__normalizedName_0
[11:46:03 INF] Executed DbCommand (0ms) [Parameters=[@__normalizedName_0='?' (Size = 256)], CommandType='Text', CommandTimeout='30']
SELECT TOP(1) [a].[Id], [a].[ConcurrencyStamp], [a].[Name], [a].[NormalizedName]
FROM [AspNetRoles] AS [a]
WHERE [a].[NormalizedName] = @__normalizedName_0
[11:46:03 INF] Executed DbCommand (5ms) [Parameters=[@__normalizedEmail_0='?' (Size = 256)], CommandType='Text', CommandTimeout='30']
SELECT TOP(2) [a].[Id], [a].[AccessFailedCount], [a].[AssignedDoctorId], [a].[ClinicId], [a].[ConcurrencyStamp], [a].[Email], [a].[EmailConfirmed], [a].[FullName], [a].[IsSoftDeleted], [a].[LockoutEnabled], [a].[LockoutEnd], [a].[NormalizedEmail], [a].[NormalizedUserName], [a].[PasswordHash], [a].[PhoneNumber], [a].[PhoneNumberConfirmed], [a].[SecurityStamp], [a].[TwoFactorEnabled], [a].[UserName]
FROM [AspNetUsers] AS [a]
WHERE [a].[IsSoftDeleted] = CAST(0 AS bit) AND [a].[NormalizedEmail] = @__normalizedEmail_0
[11:46:03 INF] Executed DbCommand (1ms) [Parameters=[@__normalizedEmail_0='?' (Size = 256)], CommandType='Text', CommandTimeout='30']
SELECT TOP(2) [a].[Id], [a].[AccessFailedCount], [a].[AssignedDoctorId], [a].[ClinicId], [a].[ConcurrencyStamp], [a].[Email], [a].[EmailConfirmed], [a].[FullName], [a].[IsSoftDeleted], [a].[LockoutEnabled], [a].[LockoutEnd], [a].[NormalizedEmail], [a].[NormalizedUserName], [a].[PasswordHash], [a].[PhoneNumber], [a].[PhoneNumberConfirmed], [a].[SecurityStamp], [a].[TwoFactorEnabled], [a].[UserName]
FROM [AspNetUsers] AS [a]
WHERE [a].[IsSoftDeleted] = CAST(0 AS bit) AND [a].[NormalizedEmail] = @__normalizedEmail_0
[11:46:03 INF] Executed DbCommand (2ms) [Parameters=[@__normalizedRoleName_0='?' (Size = 256)], CommandType='Text', CommandTimeout='30']
SELECT TOP(2) [a].[Id], [a].[ConcurrencyStamp], [a].[Name], [a].[NormalizedName]
FROM [AspNetRoles] AS [a]
WHERE [a].[NormalizedName] = @__normalizedRoleName_0
[11:46:03 INF] Executed DbCommand (2ms) [Parameters=[@__p_0='?' (Size = 450), @__p_1='?' (Size = 450)], CommandType='Text', CommandTimeout='30']
SELECT TOP(1) [a].[UserId], [a].[RoleId]
FROM [AspNetUserRoles] AS [a]
WHERE [a].[UserId] = @__p_0 AND [a].[RoleId] = @__p_1
[11:46:03 INF] Executed DbCommand (1ms) [Parameters=[@__normalizedEmail_0='?' (Size = 256)], CommandType='Text', CommandTimeout='30']
SELECT TOP(2) [a].[Id], [a].[AccessFailedCount], [a].[AssignedDoctorId], [a].[ClinicId], [a].[ConcurrencyStamp], [a].[Email], [a].[EmailConfirmed], [a].[FullName], [a].[IsSoftDeleted], [a].[LockoutEnabled], [a].[LockoutEnd], [a].[NormalizedEmail], [a].[NormalizedUserName], [a].[PasswordHash], [a].[PhoneNumber], [a].[PhoneNumberConfirmed], [a].[SecurityStamp], [a].[TwoFactorEnabled], [a].[UserName]
FROM [AspNetUsers] AS [a]
WHERE [a].[IsSoftDeleted] = CAST(0 AS bit) AND [a].[NormalizedEmail] = @__normalizedEmail_0
[11:46:03 INF] Executed DbCommand (3ms) [Parameters=[@__normalizedUserName_0='?' (Size = 256)], CommandType='Text', CommandTimeout='30']
SELECT TOP(1) [a].[Id], [a].[AccessFailedCount], [a].[AssignedDoctorId], [a].[ClinicId], [a].[ConcurrencyStamp], [a].[Email], [a].[EmailConfirmed], [a].[FullName], [a].[IsSoftDeleted], [a].[LockoutEnabled], [a].[LockoutEnd], [a].[NormalizedEmail], [a].[NormalizedUserName], [a].[PasswordHash], [a].[PhoneNumber], [a].[PhoneNumberConfirmed], [a].[SecurityStamp], [a].[TwoFactorEnabled], [a].[UserName]
FROM [AspNetUsers] AS [a]
WHERE [a].[IsSoftDeleted] = CAST(0 AS bit) AND [a].[NormalizedUserName] = @__normalizedUserName_0
[11:46:03 INF] Executed DbCommand (0ms) [Parameters=[@__normalizedEmail_0='?' (Size = 256)], CommandType='Text', CommandTimeout='30']
SELECT TOP(2) [a].[Id], [a].[AccessFailedCount], [a].[AssignedDoctorId], [a].[ClinicId], [a].[ConcurrencyStamp], [a].[Email], [a].[EmailConfirmed], [a].[FullName], [a].[IsSoftDeleted], [a].[LockoutEnabled], [a].[LockoutEnd], [a].[NormalizedEmail], [a].[NormalizedUserName], [a].[PasswordHash], [a].[PhoneNumber], [a].[PhoneNumberConfirmed], [a].[SecurityStamp], [a].[TwoFactorEnabled], [a].[UserName]
FROM [AspNetUsers] AS [a]
WHERE [a].[IsSoftDeleted] = CAST(0 AS bit) AND [a].[NormalizedEmail] = @__normalizedEmail_0
[11:46:03 INF] Executed DbCommand (15ms) [Parameters=[@p18='?' (Size = 450), @p0='?' (DbType = Int32), @p1='?' (DbType = Guid), @p2='?' (Size = 4000), @p3='?' (Size = 4000), @p19='?' (Size = 4000), @p4='?' (Size = 256), @p5='?' (DbType = Boolean), @p6='?' (Size = 4000), @p7='?' (DbType = Boolean), @p8='?' (DbType = Boolean), @p9='?' (DbType = DateTimeOffset), @p10='?' (Size = 256), @p11='?' (Size = 256), @p12='?' (Size = 4000), @p13='?' (Size = 4000), @p14='?' (DbType = Boolean), @p15='?' (Size = 4000), @p16='?' (DbType = Boolean), @p17='?' (Size = 256)], CommandType='Text', CommandTimeout='30']
SET IMPLICIT_TRANSACTIONS OFF;
SET NOCOUNT ON;
UPDATE [AspNetUsers] SET [AccessFailedCount] = @p0, [AssignedDoctorId] = @p1, [ClinicId] = @p2, [ConcurrencyStamp] = @p3, [Email] = @p4, [EmailConfirmed] = @p5, [FullName] = @p6, [IsSoftDeleted] = @p7, [LockoutEnabled] = @p8, [LockoutEnd] = @p9, [NormalizedEmail] = @p10, [NormalizedUserName] = @p11, [PasswordHash] = @p12, [PhoneNumber] = @p13, [PhoneNumberConfirmed] = @p14, [SecurityStamp] = @p15, [TwoFactorEnabled] = @p16, [UserName] = @p17
OUTPUT 1
WHERE [Id] = @p18 AND [ConcurrencyStamp] = @p19;
[11:46:03 INF] Executed DbCommand (1ms) [Parameters=[@__normalizedRoleName_0='?' (Size = 256)], CommandType='Text', CommandTimeout='30']
SELECT TOP(2) [a].[Id], [a].[ConcurrencyStamp], [a].[Name], [a].[NormalizedName]
FROM [AspNetRoles] AS [a]
WHERE [a].[NormalizedName] = @__normalizedRoleName_0
[11:46:03 INF] Executed DbCommand (0ms) [Parameters=[@__p_0='?' (Size = 450), @__p_1='?' (Size = 450)], CommandType='Text', CommandTimeout='30']
SELECT TOP(1) [a].[UserId], [a].[RoleId]
FROM [AspNetUserRoles] AS [a]
WHERE [a].[UserId] = @__p_0 AND [a].[RoleId] = @__p_1
[11:46:03 INF] Executed DbCommand (0ms) [Parameters=[@__normalizedEmail_0='?' (Size = 256)], CommandType='Text', CommandTimeout='30']
SELECT TOP(2) [a].[Id], [a].[AccessFailedCount], [a].[AssignedDoctorId], [a].[ClinicId], [a].[ConcurrencyStamp], [a].[Email], [a].[EmailConfirmed], [a].[FullName], [a].[IsSoftDeleted], [a].[LockoutEnabled], [a].[LockoutEnd], [a].[NormalizedEmail], [a].[NormalizedUserName], [a].[PasswordHash], [a].[PhoneNumber], [a].[PhoneNumberConfirmed], [a].[SecurityStamp], [a].[TwoFactorEnabled], [a].[UserName]
FROM [AspNetUsers] AS [a]
WHERE [a].[IsSoftDeleted] = CAST(0 AS bit) AND [a].[NormalizedEmail] = @__normalizedEmail_0
[11:46:03 INF] Executed DbCommand (0ms) [Parameters=[@__normalizedRoleName_0='?' (Size = 256)], CommandType='Text', CommandTimeout='30']
SELECT TOP(2) [a].[Id], [a].[ConcurrencyStamp], [a].[Name], [a].[NormalizedName]
FROM [AspNetRoles] AS [a]
WHERE [a].[NormalizedName] = @__normalizedRoleName_0
[11:46:03 INF] Executed DbCommand (0ms) [Parameters=[@__p_0='?' (Size = 450), @__p_1='?' (Size = 450)], CommandType='Text', CommandTimeout='30']
SELECT TOP(1) [a].[UserId], [a].[RoleId]
FROM [AspNetUserRoles] AS [a]
WHERE [a].[UserId] = @__p_0 AND [a].[RoleId] = @__p_1
[11:46:03 INF] Executed DbCommand (0ms) [Parameters=[@__normalizedEmail_0='?' (Size = 256)], CommandType='Text', CommandTimeout='30']
SELECT TOP(2) [a].[Id], [a].[AccessFailedCount], [a].[AssignedDoctorId], [a].[ClinicId], [a].[ConcurrencyStamp], [a].[Email], [a].[EmailConfirmed], [a].[FullName], [a].[IsSoftDeleted], [a].[LockoutEnabled], [a].[LockoutEnd], [a].[NormalizedEmail], [a].[NormalizedUserName], [a].[PasswordHash], [a].[PhoneNumber], [a].[PhoneNumberConfirmed], [a].[SecurityStamp], [a].[TwoFactorEnabled], [a].[UserName]
FROM [AspNetUsers] AS [a]
WHERE [a].[IsSoftDeleted] = CAST(0 AS bit) AND [a].[NormalizedEmail] = @__normalizedEmail_0
[11:46:03 INF] Executed DbCommand (0ms) [Parameters=[@__normalizedRoleName_0='?' (Size = 256)], CommandType='Text', CommandTimeout='30']
SELECT TOP(2) [a].[Id], [a].[ConcurrencyStamp], [a].[Name], [a].[NormalizedName]
FROM [AspNetRoles] AS [a]
WHERE [a].[NormalizedName] = @__normalizedRoleName_0
[11:46:03 INF] Executed DbCommand (0ms) [Parameters=[@__p_0='?' (Size = 450), @__p_1='?' (Size = 450)], CommandType='Text', CommandTimeout='30']
SELECT TOP(1) [a].[UserId], [a].[RoleId]
FROM [AspNetUserRoles] AS [a]
WHERE [a].[UserId] = @__p_0 AND [a].[RoleId] = @__p_1
[11:46:03 INF] Executed DbCommand (2ms) [Parameters=[@__doctorUser_Id_0='?' (Size = 450)], CommandType='Text', CommandTimeout='30']
SELECT TOP(1) [d].[Id], [d].[Bio], [d].[City], [d].[Languages], [d].[LicenseNumber], [d].[OfficeAddress], [d].[ProfileImagePath], [d].[Specialty], [d].[UserId]
FROM [Doctors] AS [d]
WHERE [d].[UserId] = @__doctorUser_Id_0
[11:46:03 INF] Executed DbCommand (3ms) [Parameters=[@__patientUser_Id_0='?' (Size = 450)], CommandType='Text', CommandTimeout='30']
SELECT TOP(1) [p].[Id], [p].[Address], [p].[DateOfBirth], [p].[NationalId], [p].[Phone], [p].[UserId], [p].[UserName]
FROM [Patients] AS [p]
WHERE [p].[UserId] = @__patientUser_Id_0
  Determining projects to restore...
  Restored E:\Facultate\Licenta\Licenta\Licenta\Licenta.csproj (in 651 ms).
E:\Facultate\Licenta\Licenta\Licenta\Pages\Administrator\Staff\Assignments.cshtml.cs(87,34): warning CS8602: Dereference of a possibly null reference. [E:\Facultate\Licenta\Licenta\Licenta\Licenta.csproj]
E:\Facultate\Licenta\Licenta\Licenta\Pages\Assistant\Patients\Index.cshtml(72,52): warning CS8602: Dereference of a possibly null reference. [E:\Facultate\Licenta\Licenta\Licenta\Licenta.csproj]
E:\Facultate\Licenta\Licenta\Licenta\Pages\Assistant\Patients\Index.cshtml.cs(33,29): warning CS8602: Dereference of a possibly null reference. [E:\Facultate\Licenta\Licenta\Licenta\Licenta.csproj]
E:\Facultate\Licenta\Licenta\Licenta\Pages\Assistant\Patients\Index.cshtml.cs(34,31): warning CS8602: Dereference of a possibly null reference. [E:\Facultate\Licenta\Licenta\Licenta\Licenta.csproj]
E:\Facultate\Licenta\Licenta\Licenta\Pages\Administrator\Users\Create.cshtml.cs(112,28): warning CS8601: Possible null reference assignment. [E:\Facultate\Licenta\Licenta\Licenta\Licenta.csproj]
E:\Facultate\Licenta\Licenta\Licenta\Pages\Doctor\MedicalRecords\Index.cshtml(63,43): warning CS8602: Dereference of a possibly null reference. [E:\Facultate\Licenta\Licenta\Licenta\Licenta.csproj]
E:\Facultate\Licenta\Licenta\Licenta\Pages\Doctor\LabResults\Index.cshtml.cs(51,21): warning CS8602: Dereference of a possibly null reference. [E:\Facultate\Licenta\Licenta\Licenta\Licenta.csproj]
E:\Facultate\Licenta\Licenta\Licenta\Pages\Doctor\LabResults\Analyze.cshtml.cs(67,22): warning CS8602: Dereference of a possibly null reference. [E:\Facultate\Licenta\Licenta\Licenta\Licenta.csproj]
E:\Facultate\Licenta\Licenta\Licenta\Pages\Doctor\Attachments\Upload.cshtml.cs(129,34): warning CS8602: Dereference of a possibly null reference. [E:\Facultate\Licenta\Licenta\Licenta\Licenta.csproj]
E:\Facultate\Licenta\Licenta\Licenta\Pages\Doctor\Attachments\Upload.cshtml.cs(132,31): warning CS8602: Dereference of a possibly null reference. [E:\Facultate\Licenta\Licenta\Licenta\Licenta.csproj]
E:\Facultate\Licenta\Licenta\Licenta\Pages\Patient\Messages\CreateRequest.cshtml.cs(121,26): warning CS8602: Dereference of a possibly null reference. [E:\Facultate\Licenta\Licenta\Licenta\Licenta.csproj]
E:\Facultate\Licenta\Licenta\Licenta\Pages\Patient\Messages\CreateRequest.cshtml.cs(125,41): warning CS8602: Dereference of a possibly null reference. [E:\Facultate\Licenta\Licenta\Licenta\Licenta.csproj]
E:\Facultate\Licenta\Licenta\Licenta\Pages\Patient\Attachments\Upload.cshtml.cs(151,30): warning CS8602: Dereference of a possibly null reference. [E:\Facultate\Licenta\Licenta\Licenta\Licenta.csproj]
E:\Facultate\Licenta\Licenta\Licenta\Pages\Patient\Attachments\Upload.cshtml.cs(155,42): warning CS8602: Dereference of a possibly null reference. [E:\Facultate\Licenta\Licenta\Licenta\Licenta.csproj]
E:\Facultate\Licenta\Licenta\Licenta\Pages\Patient\Attachments\Upload.cshtml.cs(162,45): warning CS8602: Dereference of a possibly null reference. [E:\Facultate\Licenta\Licenta\Licenta\Licenta.csproj]
E:\Facultate\Licenta\Licenta\Licenta\Pages\Assistant\Messages\Requests\Review.cshtml.cs(36,23): warning CS8601: Possible null reference assignment. [E:\Facultate\Licenta\Licenta\Licenta\Licenta.csproj]
E:\Facultate\Licenta\Licenta\Licenta\Pages\Doctor\MedicalRecords\Create.cshtml.cs(165,31): warning CS8602: Dereference of a possibly null reference. [E:\Facultate\Licenta\Licenta\Licenta\Licenta.csproj]
E:\Facultate\Licenta\Licenta\Licenta\Pages\Doctor\MedicalRecords\Create.cshtml.cs(169,29): warning CS8602: Dereference of a possibly null reference. [E:\Facultate\Licenta\Licenta\Licenta\Licenta.csproj]
E:\Facultate\Licenta\Licenta\Licenta\Pages\Doctor\Reports\Validate.cshtml.cs(109,28): warning CS8602: Dereference of a possibly null reference. [E:\Facultate\Licenta\Licenta\Licenta\Licenta.csproj]
E:\Facultate\Licenta\Licenta\Licenta\Pages\Patient\Index.cshtml.cs(182,34): warning CS8602: Dereference of a possibly null reference. [E:\Facultate\Licenta\Licenta\Licenta\Licenta.csproj]
  Licenta -> E:\Facultate\Licenta\Licenta\Licenta\bin\Debug\net9.0\Licenta.dll

Build succeeded.

E:\Facultate\Licenta\Licenta\Licenta\Pages\Administrator\Staff\Assignments.cshtml.cs(87,34): warning CS8602: Dereference of a possibly null reference. [E:\Facultate\Licenta\Licenta\Licenta\Licenta.csproj]
E:\Facultate\Licenta\Licenta\Licenta\Pages\Assistant\Patients\Index.cshtml(72,52): warning CS8602: Dereference of a possibly null reference. [E:\Facultate\Licenta\Licenta\Licenta\Licenta.csproj]
E:\Facultate\Licenta\Licenta\Licenta\Pages\Assistant\Patients\Index.cshtml.cs(33,29): warning CS8602: Dereference of a possibly null reference. [E:\Facultate\Licenta\Licenta\Licenta\Licenta.csproj]
E:\Facultate\Licenta\Licenta\Licenta\Pages\Assistant\Patients\Index.cshtml.cs(34,31): warning CS8602: Dereference of a possibly null reference. [E:\Facultate\Licenta\Licenta\Licenta\Licenta.csproj]
E:\Facultate\Licenta\Licenta\Licenta\Pages\Administrator\Users\Create.cshtml.cs(112,28): warning CS8601: Possible null reference assignment. [E:\Facultate\Licenta\Licenta\Licenta\Licenta.csproj]
E:\Facultate\Licenta\Licenta\Licenta\Pages\Doctor\MedicalRecords\Index.cshtml(63,43): warning CS8602: Dereference of a possibly null reference. [E:\Facultate\Licenta\Licenta\Licenta\Licenta.csproj]
E:\Facultate\Licenta\Licenta\Licenta\Pages\Doctor\LabResults\Index.cshtml.cs(51,21): warning CS8602: Dereference of a possibly null reference. [E:\Facultate\Licenta\Licenta\Licenta\Licenta.csproj]
E:\Facultate\Licenta\Licenta\Licenta\Pages\Doctor\LabResults\Analyze.cshtml.cs(67,22): warning CS8602: Dereference of a possibly null reference. [E:\Facultate\Licenta\Licenta\Licenta\Licenta.csproj]
E:\Facultate\Licenta\Licenta\Licenta\Pages\Doctor\Attachments\Upload.cshtml.cs(129,34): warning CS8602: Dereference of a possibly null reference. [E:\Facultate\Licenta\Licenta\Licenta\Licenta.csproj]
E:\Facultate\Licenta\Licenta\Licenta\Pages\Doctor\Attachments\Upload.cshtml.cs(132,31): warning CS8602: Dereference of a possibly null reference. [E:\Facultate\Licenta\Licenta\Licenta\Licenta.csproj]
E:\Facultate\Licenta\Licenta\Licenta\Pages\Patient\Messages\CreateRequest.cshtml.cs(121,26): warning CS8602: Dereference of a possibly null reference. [E:\Facultate\Licenta\Licenta\Licenta\Licenta.csproj]
E:\Facultate\Licenta\Licenta\Licenta\Pages\Patient\Messages\CreateRequest.cshtml.cs(125,41): warning CS8602: Dereference of a possibly null reference. [E:\Facultate\Licenta\Licenta\Licenta\Licenta.csproj]
E:\Facultate\Licenta\Licenta\Licenta\Pages\Patient\Attachments\Upload.cshtml.cs(151,30): warning CS8602: Dereference of a possibly null reference. [E:\Facultate\Licenta\Licenta\Licenta\Licenta.csproj]
E:\Facultate\Licenta\Licenta\Licenta\Pages\Patient\Attachments\Upload.cshtml.cs(155,42): warning CS8602: Dereference of a possibly null reference. [E:\Facultate\Licenta\Licenta\Licenta\Licenta.csproj]
E:\Facultate\Licenta\Licenta\Licenta\Pages\Patient\Attachments\Upload.cshtml.cs(162,45): warning CS8602: Dereference of a possibly null reference. [E:\Facultate\Licenta\Licenta\Licenta\Licenta.csproj]
E:\Facultate\Licenta\Licenta\Licenta\Pages\Assistant\Messages\Requests\Review.cshtml.cs(36,23): warning CS8601: Possible null reference assignment. [E:\Facultate\Licenta\Licenta\Licenta\Licenta.csproj]
E:\Facultate\Licenta\Licenta\Licenta\Pages\Doctor\MedicalRecords\Create.cshtml.cs(165,31): warning CS8602: Dereference of a possibly null reference. [E:\Facultate\Licenta\Licenta\Licenta\Licenta.csproj]
E:\Facultate\Licenta\Licenta\Licenta\Pages\Doctor\MedicalRecords\Create.cshtml.cs(169,29): warning CS8602: Dereference of a possibly null reference. [E:\Facultate\Licenta\Licenta\Licenta\Licenta.csproj]
E:\Facultate\Licenta\Licenta\Licenta\Pages\Doctor\Reports\Validate.cshtml.cs(109,28): warning CS8602: Dereference of a possibly null reference. [E:\Facultate\Licenta\Licenta\Licenta\Licenta.csproj]
E:\Facultate\Licenta\Licenta\Licenta\Pages\Patient\Index.cshtml.cs(182,34): warning CS8602: Dereference of a possibly null reference. [E:\Facultate\Licenta\Licenta\Licenta\Licenta.csproj]
    20 Warning(s)
    0 Error(s)

Time Elapsed 00:00:05.24
[11:49:24 INF] User profile is available. Using 'C:\Users\Administrator\AppData\Local\ASP.NET\DataProtection-Keys' as key repository and Windows DPAPI to encrypt keys at rest.
[11:49:24 INF] Now listening on: http://127.0.0.1:5000
[11:49:24 INF] Application started. Press Ctrl+C to shut down.
[11:49:24 INF] Hosting environment: Development
[11:49:24 INF] Content root path: E:\Facultate\Licenta\Licenta\Licenta
[11:49:24 INF] Application started successfully
[11:49:24 INF] Request starting HTTP/1.1 GET http://127.0.0.1:5000/ - null null
[11:49:24 INF] Authorization failed. These requirements were not met:
DenyAnonymousAuthorizationRequirement: Requires an authenticated user.
[11:49:24 INF] AuthenticationScheme: Identity.Application was challenged.
[11:49:24 INF] Request finished HTTP/1.1 GET http://127.0.0.1:5000/ - 302 0 null 31.7504ms
[11:49:24 INF] Request starting HTTP/1.1 GET http://127.0.0.1:5000/Identity/Account/Login?ReturnUrl=%2F - null null
[11:49:24 INF] Executing endpoint '/Account/Login'
[11:49:24 INF] Route matched with {page = "/Account/Login", area = "Identity"}. Executing page /Account/Login
[11:49:24 INF] Executing handler method Licenta.Areas.Identity.Pages.Account.LoginModel.OnGetAsync - ModelState is Valid
[11:49:24 INF] Executed handler method OnGetAsync, returned result .
[11:49:24 INF] Executing an implicit handler method - ModelState is Valid
[11:49:24 INF] Executed an implicit handler method, returned result Microsoft.AspNetCore.Mvc.RazorPages.PageResult.
[11:49:25 WRN] The query uses the 'First'/'FirstOrDefault' operator without 'OrderBy' and filter operators. This may lead to unpredictable results.
[11:49:26 INF] Executed DbCommand (26ms) [Parameters=[], CommandType='Text', CommandTimeout='30']
SELECT TOP(1) [s].[Id], [s].[ClinicName], [s].[LogoPath], [s].[MaxUploadMb], [s].[PasswordMinLength], [s].[RequireDigit], [s].[RequireSpecialChar], [s].[RequireUppercase]
FROM [SystemSettings] AS [s]
[11:49:26 INF] Executed DbCommand (26ms) [Parameters=[], CommandType='Text', CommandTimeout='30']
SELECT CASE
    WHEN EXISTS (
        SELECT 1
        FROM [SystemSettings] AS [s]) THEN CAST(1 AS bit)
    ELSE CAST(0 AS bit)
END
[11:49:26 INF] Executed page /Account/Login in 1287.8052ms
[11:49:26 INF] Executed endpoint '/Account/Login'
[11:49:26 INF] HTTP GET /Identity/Account/Login responded 200 in 1304 ms
[11:49:26 INF] Request finished HTTP/1.1 GET http://127.0.0.1:5000/Identity/Account/Login?ReturnUrl=%2F - 200 null text/html; charset=utf-8 1315.6533ms
[11:49:26 INF] Executed DbCommand (19ms) [Parameters=[@__normalizedName_0='?' (Size = 256)], CommandType='Text', CommandTimeout='30']
SELECT TOP(1) [a].[Id], [a].[ConcurrencyStamp], [a].[Name], [a].[NormalizedName]
FROM [AspNetRoles] AS [a]
WHERE [a].[NormalizedName] = @__normalizedName_0
[11:49:26 INF] Executed DbCommand (0ms) [Parameters=[@__normalizedName_0='?' (Size = 256)], CommandType='Text', CommandTimeout='30']
SELECT TOP(1) [a].[Id], [a].[ConcurrencyStamp], [a].[Name], [a].[NormalizedName]
FROM [AspNetRoles] AS [a]
WHERE [a].[NormalizedName] = @__normalizedName_0
[11:49:26 INF] Executed DbCommand (0ms) [Parameters=[@__normalizedName_0='?' (Size = 256)], CommandType='Text', CommandTimeout='30']
SELECT TOP(1) [a].[Id], [a].[ConcurrencyStamp], [a].[Name], [a].[NormalizedName]
FROM [AspNetRoles] AS [a]
WHERE [a].[NormalizedName] = @__normalizedName_0
[11:49:26 INF] Executed DbCommand (0ms) [Parameters=[@__normalizedName_0='?' (Size = 256)], CommandType='Text', CommandTimeout='30']
SELECT TOP(1) [a].[Id], [a].[ConcurrencyStamp], [a].[Name], [a].[NormalizedName]
FROM [AspNetRoles] AS [a]
WHERE [a].[NormalizedName] = @__normalizedName_0
[11:49:26 INF] Executed DbCommand (4ms) [Parameters=[@__normalizedEmail_0='?' (Size = 256)], CommandType='Text', CommandTimeout='30']
SELECT TOP(2) [a].[Id], [a].[AccessFailedCount], [a].[AssignedDoctorId], [a].[ClinicId], [a].[ConcurrencyStamp], [a].[Email], [a].[EmailConfirmed], [a].[FullName], [a].[IsSoftDeleted], [a].[LockoutEnabled], [a].[LockoutEnd], [a].[NormalizedEmail], [a].[NormalizedUserName], [a].[PasswordHash], [a].[PhoneNumber], [a].[PhoneNumberConfirmed], [a].[SecurityStamp], [a].[TwoFactorEnabled], [a].[UserName]
FROM [AspNetUsers] AS [a]
WHERE [a].[IsSoftDeleted] = CAST(0 AS bit) AND [a].[NormalizedEmail] = @__normalizedEmail_0
[11:49:26 INF] Executed DbCommand (1ms) [Parameters=[@__normalizedEmail_0='?' (Size = 256)], CommandType='Text', CommandTimeout='30']
SELECT TOP(2) [a].[Id], [a].[AccessFailedCount], [a].[AssignedDoctorId], [a].[ClinicId], [a].[ConcurrencyStamp], [a].[Email], [a].[EmailConfirmed], [a].[FullName], [a].[IsSoftDeleted], [a].[LockoutEnabled], [a].[LockoutEnd], [a].[NormalizedEmail], [a].[NormalizedUserName], [a].[PasswordHash], [a].[PhoneNumber], [a].[PhoneNumberConfirmed], [a].[SecurityStamp], [a].[TwoFactorEnabled], [a].[UserName]
FROM [AspNetUsers] AS [a]
WHERE [a].[IsSoftDeleted] = CAST(0 AS bit) AND [a].[NormalizedEmail] = @__normalizedEmail_0
[11:49:26 INF] Executed DbCommand (2ms) [Parameters=[@__normalizedRoleName_0='?' (Size = 256)], CommandType='Text', CommandTimeout='30']
SELECT TOP(2) [a].[Id], [a].[ConcurrencyStamp], [a].[Name], [a].[NormalizedName]
FROM [AspNetRoles] AS [a]
WHERE [a].[NormalizedName] = @__normalizedRoleName_0
[11:49:26 INF] Executed DbCommand (2ms) [Parameters=[@__p_0='?' (Size = 450), @__p_1='?' (Size = 450)], CommandType='Text', CommandTimeout='30']
SELECT TOP(1) [a].[UserId], [a].[RoleId]
FROM [AspNetUserRoles] AS [a]
WHERE [a].[UserId] = @__p_0 AND [a].[RoleId] = @__p_1
[11:49:26 INF] Executed DbCommand (0ms) [Parameters=[@__normalizedEmail_0='?' (Size = 256)], CommandType='Text', CommandTimeout='30']
SELECT TOP(2) [a].[Id], [a].[AccessFailedCount], [a].[AssignedDoctorId], [a].[ClinicId], [a].[ConcurrencyStamp], [a].[Email], [a].[EmailConfirmed], [a].[FullName], [a].[IsSoftDeleted], [a].[LockoutEnabled], [a].[LockoutEnd], [a].[NormalizedEmail], [a].[NormalizedUserName], [a].[PasswordHash], [a].[PhoneNumber], [a].[PhoneNumberConfirmed], [a].[SecurityStamp], [a].[TwoFactorEnabled], [a].[UserName]
FROM [AspNetUsers] AS [a]
WHERE [a].[IsSoftDeleted] = CAST(0 AS bit) AND [a].[NormalizedEmail] = @__normalizedEmail_0
[11:49:26 INF] Executed DbCommand (0ms) [Parameters=[@__normalizedRoleName_0='?' (Size = 256)], CommandType='Text', CommandTimeout='30']
SELECT TOP(2) [a].[Id], [a].[ConcurrencyStamp], [a].[Name], [a].[NormalizedName]
FROM [AspNetRoles] AS [a]
WHERE [a].[NormalizedName] = @__normalizedRoleName_0
[11:49:26 INF] Executed DbCommand (0ms) [Parameters=[@__p_0='?' (Size = 450), @__p_1='?' (Size = 450)], CommandType='Text', CommandTimeout='30']
SELECT TOP(1) [a].[UserId], [a].[RoleId]
FROM [AspNetUserRoles] AS [a]
WHERE [a].[UserId] = @__p_0 AND [a].[RoleId] = @__p_1
[11:49:26 INF] Executed DbCommand (0ms) [Parameters=[@__normalizedEmail_0='?' (Size = 256)], CommandType='Text', CommandTimeout='30']
SELECT TOP(2) [a].[Id], [a].[AccessFailedCount], [a].[AssignedDoctorId], [a].[ClinicId], [a].[ConcurrencyStamp], [a].[Email], [a].[EmailConfirmed], [a].[FullName], [a].[IsSoftDeleted], [a].[LockoutEnabled], [a].[LockoutEnd], [a].[NormalizedEmail], [a].[NormalizedUserName], [a].[PasswordHash], [a].[PhoneNumber], [a].[PhoneNumberConfirmed], [a].[SecurityStamp], [a].[TwoFactorEnabled], [a].[UserName]
FROM [AspNetUsers] AS [a]
WHERE [a].[IsSoftDeleted] = CAST(0 AS bit) AND [a].[NormalizedEmail] = @__normalizedEmail_0
[11:49:26 INF] Executed DbCommand (0ms) [Parameters=[@__normalizedRoleName_0='?' (Size = 256)], CommandType='Text', CommandTimeout='30']
SELECT TOP(2) [a].[Id], [a].[ConcurrencyStamp], [a].[Name], [a].[NormalizedName]
FROM [AspNetRoles] AS [a]
WHERE [a].[NormalizedName] = @__normalizedRoleName_0
[11:49:26 INF] Executed DbCommand (0ms) [Parameters=[@__p_0='?' (Size = 450), @__p_1='?' (Size = 450)], CommandType='Text', CommandTimeout='30']
SELECT TOP(1) [a].[UserId], [a].[RoleId]
FROM [AspNetUserRoles] AS [a]
WHERE [a].[UserId] = @__p_0 AND [a].[RoleId] = @__p_1
[11:49:26 INF] Executed DbCommand (0ms) [Parameters=[@__normalizedEmail_0='?' (Size = 256)], CommandType='Text', CommandTimeout='30']
SELECT TOP(2) [a].[Id], [a].[AccessFailedCount], [a].[AssignedDoctorId], [a].[ClinicId], [a].[ConcurrencyStamp], [a].[Email], [a].[EmailConfirmed], [a].[FullName], [a].[IsSoftDeleted], [a].[LockoutEnabled], [a].[LockoutEnd], [a].[NormalizedEmail], [a].[NormalizedUserName], [a].[PasswordHash], [a].[PhoneNumber], [a].[PhoneNumberConfirmed], [a].[SecurityStamp], [a].[TwoFactorEnabled], [a].[UserName]
FROM [AspNetUsers] AS [a]
WHERE [a].[IsSoftDeleted] = CAST(0 AS bit) AND [a].[NormalizedEmail] = @__normalizedEmail_0
[11:49:26 INF] Executed DbCommand (0ms) [Parameters=[@__normalizedRoleName_0='?' (Size = 256)], CommandType='Text', CommandTimeout='30']
SELECT TOP(2) [a].[Id], [a].[ConcurrencyStamp], [a].[Name], [a].[NormalizedName]
FROM [AspNetRoles] AS [a]
WHERE [a].[NormalizedName] = @__normalizedRoleName_0
[11:49:26 INF] Executed DbCommand (0ms) [Parameters=[@__p_0='?' (Size = 450), @__p_1='?' (Size = 450)], CommandType='Text', CommandTimeout='30']
SELECT TOP(1) [a].[UserId], [a].[RoleId]
FROM [AspNetUserRoles] AS [a]
WHERE [a].[UserId] = @__p_0 AND [a].[RoleId] = @__p_1
[11:49:26 INF] Request starting HTTP/1.1 GET http://127.0.0.1:5000/ - null null
[11:49:26 INF] Authorization failed. These requirements were not met:
DenyAnonymousAuthorizationRequirement: Requires an authenticated user.
[11:49:26 INF] AuthenticationScheme: Identity.Application was challenged.
[11:49:26 INF] Request finished HTTP/1.1 GET http://127.0.0.1:5000/ - 302 0 null 2.4451ms
[11:49:26 INF] Request starting HTTP/1.1 GET http://127.0.0.1:5000/Identity/Account/Login?ReturnUrl=%2F - null null
[11:49:26 INF] Executed DbCommand (3ms) [Parameters=[@__doctorUser_Id_0='?' (Size = 450)], CommandType='Text', CommandTimeout='30']
SELECT TOP(1) [d].[Id], [d].[Bio], [d].[City], [d].[Languages], [d].[LicenseNumber], [d].[OfficeAddress], [d].[ProfileImagePath], [d].[Specialty], [d].[UserId]
FROM [Doctors] AS [d]
WHERE [d].[UserId] = @__doctorUser_Id_0
[11:49:26 INF] Executing endpoint '/Account/Login'
[11:49:26 INF] Route matched with {page = "/Account/Login", area = "Identity"}. Executing page /Account/Login
[11:49:26 INF] Executing handler method Licenta.Areas.Identity.Pages.Account.LoginModel.OnGetAsync - ModelState is Valid
[11:49:26 INF] Executed handler method OnGetAsync, returned result .
[11:49:26 INF] Executing an implicit handler method - ModelState is Valid
[11:49:26 INF] Executed an implicit handler method, returned result Microsoft.AspNetCore.Mvc.RazorPages.PageResult.
[11:49:26 INF] Executed DbCommand (2ms) [Parameters=[], CommandType='Text', CommandTimeout='30']
SELECT TOP(1) [s].[Id], [s].[ClinicName], [s].[LogoPath], [s].[MaxUploadMb], [s].[PasswordMinLength], [s].[RequireDigit], [s].[RequireSpecialChar], [s].[RequireUppercase]
FROM [SystemSettings] AS [s]
[11:49:26 INF] Executed page /Account/Login in 13.1406ms
[11:49:26 INF] Executed endpoint '/Account/Login'
[11:49:26 INF] HTTP GET /Identity/Account/Login responded 200 in 13 ms
[11:49:26 INF] Request finished HTTP/1.1 GET http://127.0.0.1:5000/Identity/Account/Login?ReturnUrl=%2F - 200 null text/html; charset=utf-8 16.5529ms
[11:49:26 INF] Executed DbCommand (3ms) [Parameters=[@__patientUser_Id_0='?' (Size = 450)], CommandType='Text', CommandTimeout='30']
SELECT TOP(1) [p].[Id], [p].[Address], [p].[DateOfBirth], [p].[NationalId], [p].[Phone], [p].[UserId], [p].[UserName]
FROM [Patients] AS [p]
WHERE [p].[UserId] = @__patientUser_Id_0
^C  Determining projects to restore...
  Restored E:\Facultate\Licenta\Licenta\Licenta\Licenta.csproj (in 489 ms).
E:\Facultate\Licenta\Licenta\Licenta\Pages\Administrator\Staff\Assignments.cshtml.cs(87,34): warning CS8602: Dereference of a possibly null reference. [E:\Facultate\Licenta\Licenta\Licenta\Licenta.csproj]
E:\Facultate\Licenta\Licenta\Licenta\Pages\Assistant\Patients\Index.cshtml(72,52): warning CS8602: Dereference of a possibly null reference. [E:\Facultate\Licenta\Licenta\Licenta\Licenta.csproj]
E:\Facultate\Licenta\Licenta\Licenta\Pages\Assistant\Patients\Index.cshtml.cs(33,29): warning CS8602: Dereference of a possibly null reference. [E:\Facultate\Licenta\Licenta\Licenta\Licenta.csproj]
E:\Facultate\Licenta\Licenta\Licenta\Pages\Assistant\Patients\Index.cshtml.cs(34,31): warning CS8602: Dereference of a possibly null reference. [E:\Facultate\Licenta\Licenta\Licenta\Licenta.csproj]
E:\Facultate\Licenta\Licenta\Licenta\Pages\Doctor\Reports\Validate.cshtml.cs(109,28): warning CS8602: Dereference of a possibly null reference. [E:\Facultate\Licenta\Licenta\Licenta\Licenta.csproj]
E:\Facultate\Licenta\Licenta\Licenta\Pages\Assistant\Messages\Requests\Review.cshtml.cs(36,23): warning CS8601: Possible null reference assignment. [E:\Facultate\Licenta\Licenta\Licenta\Licenta.csproj]
E:\Facultate\Licenta\Licenta\Licenta\Pages\Doctor\Attachments\Upload.cshtml.cs(129,34): warning CS8602: Dereference of a possibly null reference. [E:\Facultate\Licenta\Licenta\Licenta\Licenta.csproj]
E:\Facultate\Licenta\Licenta\Licenta\Pages\Doctor\Attachments\Upload.cshtml.cs(132,31): warning CS8602: Dereference of a possibly null reference. [E:\Facultate\Licenta\Licenta\Licenta\Licenta.csproj]
E:\Facultate\Licenta\Licenta\Licenta\Pages\Patient\Attachments\Upload.cshtml.cs(151,30): warning CS8602: Dereference of a possibly null reference. [E:\Facultate\Licenta\Licenta\Licenta\Licenta.csproj]
E:\Facultate\Licenta\Licenta\Licenta\Pages\Patient\Attachments\Upload.cshtml.cs(155,42): warning CS8602: Dereference of a possibly null reference. [E:\Facultate\Licenta\Licenta\Licenta\Licenta.csproj]
E:\Facultate\Licenta\Licenta\Licenta\Pages\Patient\Attachments\Upload.cshtml.cs(162,45): warning CS8602: Dereference of a possibly null reference. [E:\Facultate\Licenta\Licenta\Licenta\Licenta.csproj]
E:\Facultate\Licenta\Licenta\Licenta\Pages\Doctor\LabResults\Analyze.cshtml.cs(67,22): warning CS8602: Dereference of a possibly null reference. [E:\Facultate\Licenta\Licenta\Licenta\Licenta.csproj]
E:\Facultate\Licenta\Licenta\Licenta\Pages\Doctor\LabResults\Index.cshtml.cs(51,21): warning CS8602: Dereference of a possibly null reference. [E:\Facultate\Licenta\Licenta\Licenta\Licenta.csproj]
E:\Facultate\Licenta\Licenta\Licenta\Pages\Doctor\MedicalRecords\Index.cshtml(63,43): warning CS8602: Dereference of a possibly null reference. [E:\Facultate\Licenta\Licenta\Licenta\Licenta.csproj]
E:\Facultate\Licenta\Licenta\Licenta\Pages\Administrator\Users\Create.cshtml.cs(112,28): warning CS8601: Possible null reference assignment. [E:\Facultate\Licenta\Licenta\Licenta\Licenta.csproj]
E:\Facultate\Licenta\Licenta\Licenta\Pages\Doctor\MedicalRecords\Create.cshtml.cs(165,31): warning CS8602: Dereference of a possibly null reference. [E:\Facultate\Licenta\Licenta\Licenta\Licenta.csproj]
E:\Facultate\Licenta\Licenta\Licenta\Pages\Doctor\MedicalRecords\Create.cshtml.cs(169,29): warning CS8602: Dereference of a possibly null reference. [E:\Facultate\Licenta\Licenta\Licenta\Licenta.csproj]
E:\Facultate\Licenta\Licenta\Licenta\Pages\Patient\Index.cshtml.cs(182,34): warning CS8602: Dereference of a possibly null reference. [E:\Facultate\Licenta\Licenta\Licenta\Licenta.csproj]
E:\Facultate\Licenta\Licenta\Licenta\Pages\Patient\Messages\CreateRequest.cshtml.cs(121,26): warning CS8602: Dereference of a possibly null reference. [E:\Facultate\Licenta\Licenta\Licenta\Licenta.csproj]
E:\Facultate\Licenta\Licenta\Licenta\Pages\Patient\Messages\CreateRequest.cshtml.cs(125,41): warning CS8602: Dereference of a possibly null reference. [E:\Facultate\Licenta\Licenta\Licenta\Licenta.csproj]
  Licenta -> E:\Facultate\Licenta\Licenta\Licenta\bin\Debug\net9.0\Licenta.dll

Build succeeded.

E:\Facultate\Licenta\Licenta\Licenta\Pages\Administrator\Staff\Assignments.cshtml.cs(87,34): warning CS8602: Dereference of a possibly null reference. [E:\Facultate\Licenta\Licenta\Licenta\Licenta.csproj]
E:\Facultate\Licenta\Licenta\Licenta\Pages\Assistant\Patients\Index.cshtml(72,52): warning CS8602: Dereference of a possibly null reference. [E:\Facultate\Licenta\Licenta\Licenta\Licenta.csproj]
E:\Facultate\Licenta\Licenta\Licenta\Pages\Assistant\Patients\Index.cshtml.cs(33,29): warning CS8602: Dereference of a possibly null reference. [E:\Facultate\Licenta\Licenta\Licenta\Licenta.csproj]
E:\Facultate\Licenta\Licenta\Licenta\Pages\Assistant\Patients\Index.cshtml.cs(34,31): warning CS8602: Dereference of a possibly null reference. [E:\Facultate\Licenta\Licenta\Licenta\Licenta.csproj]
E:\Facultate\Licenta\Licenta\Licenta\Pages\Doctor\Reports\Validate.cshtml.cs(109,28): warning CS8602: Dereference of a possibly null reference. [E:\Facultate\Licenta\Licenta\Licenta\Licenta.csproj]
E:\Facultate\Licenta\Licenta\Licenta\Pages\Assistant\Messages\Requests\Review.cshtml.cs(36,23): warning CS8601: Possible null reference assignment. [E:\Facultate\Licenta\Licenta\Licenta\Licenta.csproj]
E:\Facultate\Licenta\Licenta\Licenta\Pages\Doctor\Attachments\Upload.cshtml.cs(129,34): warning CS8602: Dereference of a possibly null reference. [E:\Facultate\Licenta\Licenta\Licenta\Licenta.csproj]
E:\Facultate\Licenta\Licenta\Licenta\Pages\Doctor\Attachments\Upload.cshtml.cs(132,31): warning CS8602: Dereference of a possibly null reference. [E:\Facultate\Licenta\Licenta\Licenta\Licenta.csproj]
E:\Facultate\Licenta\Licenta\Licenta\Pages\Patient\Attachments\Upload.cshtml.cs(151,30): warning CS8602: Dereference of a possibly null reference. [E:\Facultate\Licenta\Licenta\Licenta\Licenta.csproj]
E:\Facultate\Licenta\Licenta\Licenta\Pages\Patient\Attachments\Upload.cshtml.cs(155,42): warning CS8602: Dereference of a possibly null reference. [E:\Facultate\Licenta\Licenta\Licenta\Licenta.csproj]
E:\Facultate\Licenta\Licenta\Licenta\Pages\Patient\Attachments\Upload.cshtml.cs(162,45): warning CS8602: Dereference of a possibly null reference. [E:\Facultate\Licenta\Licenta\Licenta\Licenta.csproj]
E:\Facultate\Licenta\Licenta\Licenta\Pages\Doctor\LabResults\Analyze.cshtml.cs(67,22): warning CS8602: Dereference of a possibly null reference. [E:\Facultate\Licenta\Licenta\Licenta\Licenta.csproj]
E:\Facultate\Licenta\Licenta\Licenta\Pages\Doctor\LabResults\Index.cshtml.cs(51,21): warning CS8602: Dereference of a possibly null reference. [E:\Facultate\Licenta\Licenta\Licenta\Licenta.csproj]
E:\Facultate\Licenta\Licenta\Licenta\Pages\Doctor\MedicalRecords\Index.cshtml(63,43): warning CS8602: Dereference of a possibly null reference. [E:\Facultate\Licenta\Licenta\Licenta\Licenta.csproj]
E:\Facultate\Licenta\Licenta\Licenta\Pages\Administrator\Users\Create.cshtml.cs(112,28): warning CS8601: Possible null reference assignment. [E:\Facultate\Licenta\Licenta\Licenta\Licenta.csproj]
E:\Facultate\Licenta\Licenta\Licenta\Pages\Doctor\MedicalRecords\Create.cshtml.cs(165,31): warning CS8602: Dereference of a possibly null reference. [E:\Facultate\Licenta\Licenta\Licenta\Licenta.csproj]
E:\Facultate\Licenta\Licenta\Licenta\Pages\Doctor\MedicalRecords\Create.cshtml.cs(169,29): warning CS8602: Dereference of a possibly null reference. [E:\Facultate\Licenta\Licenta\Licenta\Licenta.csproj]
E:\Facultate\Licenta\Licenta\Licenta\Pages\Patient\Index.cshtml.cs(182,34): warning CS8602: Dereference of a possibly null reference. [E:\Facultate\Licenta\Licenta\Licenta\Licenta.csproj]
E:\Facultate\Licenta\Licenta\Licenta\Pages\Patient\Messages\CreateRequest.cshtml.cs(121,26): warning CS8602: Dereference of a possibly null reference. [E:\Facultate\Licenta\Licenta\Licenta\Licenta.csproj]
E:\Facultate\Licenta\Licenta\Licenta\Pages\Patient\Messages\CreateRequest.cshtml.cs(125,41): warning CS8602: Dereference of a possibly null reference. [E:\Facultate\Licenta\Licenta\Licenta\Licenta.csproj]
    20 Warning(s)
    0 Error(s)

Time Elapsed 00:00:08.04
[12:09:57 INF] User profile is available. Using 'C:\Users\Administrator\AppData\Local\ASP.NET\DataProtection-Keys' as key repository and Windows DPAPI to encrypt keys at rest.
[12:09:58 INF] Now listening on: http://127.0.0.1:5000
[12:09:58 INF] Application started. Press Ctrl+C to shut down.
[12:09:58 INF] Hosting environment: Development
[12:09:58 INF] Content root path: E:\Facultate\Licenta\Licenta\Licenta
[12:09:58 INF] Application started successfully
[12:09:58 INF] Request starting HTTP/1.1 GET http://127.0.0.1:5000/ - null null
[12:09:58 INF] Authorization failed. These requirements were not met:
DenyAnonymousAuthorizationRequirement: Requires an authenticated user.
[12:09:58 INF] AuthenticationScheme: Identity.Application was challenged.
[12:09:58 INF] Request finished HTTP/1.1 GET http://127.0.0.1:5000/ - 302 0 null 71.9507ms
[12:09:58 INF] Request starting HTTP/1.1 GET http://127.0.0.1:5000/Identity/Account/Login?ReturnUrl=%2F - null null
[12:09:58 INF] Executing endpoint '/Account/Login'
[12:09:58 INF] Route matched with {page = "/Account/Login", area = "Identity"}. Executing page /Account/Login
[12:09:58 INF] Executing handler method Licenta.Areas.Identity.Pages.Account.LoginModel.OnGetAsync - ModelState is Valid
[12:09:58 INF] Executed handler method OnGetAsync, returned result .
[12:09:58 INF] Executing an implicit handler method - ModelState is Valid
[12:09:58 INF] Executed an implicit handler method, returned result Microsoft.AspNetCore.Mvc.RazorPages.PageResult.
[12:09:59 WRN] The query uses the 'First'/'FirstOrDefault' operator without 'OrderBy' and filter operators. This may lead to unpredictable results.
[12:10:00 INF] Request starting HTTP/1.1 GET http://127.0.0.1:5000/ - null null
[12:10:00 INF] Authorization failed. These requirements were not met:
DenyAnonymousAuthorizationRequirement: Requires an authenticated user.
[12:10:00 INF] AuthenticationScheme: Identity.Application was challenged.
[12:10:00 INF] Request finished HTTP/1.1 GET http://127.0.0.1:5000/ - 302 0 null 3.3342ms
[12:10:00 INF] Request starting HTTP/1.1 GET http://127.0.0.1:5000/Identity/Account/Login?ReturnUrl=%2F - null null
[12:10:00 INF] Executing endpoint '/Account/Login'
[12:10:00 INF] Route matched with {page = "/Account/Login", area = "Identity"}. Executing page /Account/Login
[12:10:00 INF] Executing handler method Licenta.Areas.Identity.Pages.Account.LoginModel.OnGetAsync - ModelState is Valid
[12:10:00 INF] Executed handler method OnGetAsync, returned result .
[12:10:00 INF] Executing an implicit handler method - ModelState is Valid
[12:10:00 INF] Executed an implicit handler method, returned result Microsoft.AspNetCore.Mvc.RazorPages.PageResult.
[12:10:01 INF] Executed DbCommand (38ms) [Parameters=[], CommandType='Text', CommandTimeout='30']
SELECT CASE
    WHEN EXISTS (
        SELECT 1
        FROM [SystemSettings] AS [s]) THEN CAST(1 AS bit)
    ELSE CAST(0 AS bit)
END
[12:10:01 INF] Executed DbCommand (38ms) [Parameters=[], CommandType='Text', CommandTimeout='30']
SELECT TOP(1) [s].[Id], [s].[ClinicName], [s].[LogoPath], [s].[MaxUploadMb], [s].[PasswordMinLength], [s].[RequireDigit], [s].[RequireSpecialChar], [s].[RequireUppercase]
FROM [SystemSettings] AS [s]
[12:10:01 INF] Executed DbCommand (38ms) [Parameters=[], CommandType='Text', CommandTimeout='30']
SELECT TOP(1) [s].[Id], [s].[ClinicName], [s].[LogoPath], [s].[MaxUploadMb], [s].[PasswordMinLength], [s].[RequireDigit], [s].[RequireSpecialChar], [s].[RequireUppercase]
FROM [SystemSettings] AS [s]
[12:10:01 INF] Executed page /Account/Login in 376.7033ms
[12:10:01 INF] Executed page /Account/Login in 2764.4031ms
[12:10:01 INF] Executed endpoint '/Account/Login'
[12:10:01 INF] Executed endpoint '/Account/Login'
[12:10:01 INF] HTTP GET /Identity/Account/Login responded 200 in 2781 ms
[12:10:01 INF] HTTP GET /Identity/Account/Login responded 200 in 380 ms
[12:10:01 INF] Request finished HTTP/1.1 GET http://127.0.0.1:5000/Identity/Account/Login?ReturnUrl=%2F - 200 null text/html; charset=utf-8 2794.3685ms
[12:10:01 INF] Request finished HTTP/1.1 GET http://127.0.0.1:5000/Identity/Account/Login?ReturnUrl=%2F - 200 null text/html; charset=utf-8 391.6144ms
[12:10:01 INF] Executed DbCommand (26ms) [Parameters=[@__normalizedName_0='?' (Size = 256)], CommandType='Text', CommandTimeout='30']
SELECT TOP(1) [a].[Id], [a].[ConcurrencyStamp], [a].[Name], [a].[NormalizedName]
FROM [AspNetRoles] AS [a]
WHERE [a].[NormalizedName] = @__normalizedName_0
[12:10:01 INF] Executed DbCommand (1ms) [Parameters=[@__normalizedName_0='?' (Size = 256)], CommandType='Text', CommandTimeout='30']
SELECT TOP(1) [a].[Id], [a].[ConcurrencyStamp], [a].[Name], [a].[NormalizedName]
FROM [AspNetRoles] AS [a]
WHERE [a].[NormalizedName] = @__normalizedName_0
[12:10:01 INF] Executed DbCommand (1ms) [Parameters=[@__normalizedName_0='?' (Size = 256)], CommandType='Text', CommandTimeout='30']
SELECT TOP(1) [a].[Id], [a].[ConcurrencyStamp], [a].[Name], [a].[NormalizedName]
FROM [AspNetRoles] AS [a]
WHERE [a].[NormalizedName] = @__normalizedName_0
[12:10:01 INF] Executed DbCommand (1ms) [Parameters=[@__normalizedName_0='?' (Size = 256)], CommandType='Text', CommandTimeout='30']
SELECT TOP(1) [a].[Id], [a].[ConcurrencyStamp], [a].[Name], [a].[NormalizedName]
FROM [AspNetRoles] AS [a]
WHERE [a].[NormalizedName] = @__normalizedName_0
[12:10:01 INF] Executed DbCommand (36ms) [Parameters=[@__normalizedEmail_0='?' (Size = 256)], CommandType='Text', CommandTimeout='30']
SELECT TOP(2) [a].[Id], [a].[AccessFailedCount], [a].[AssignedDoctorId], [a].[ClinicId], [a].[ConcurrencyStamp], [a].[Email], [a].[EmailConfirmed], [a].[FullName], [a].[IsSoftDeleted], [a].[LockoutEnabled], [a].[LockoutEnd], [a].[NormalizedEmail], [a].[NormalizedUserName], [a].[PasswordHash], [a].[PhoneNumber], [a].[PhoneNumberConfirmed], [a].[SecurityStamp], [a].[TwoFactorEnabled], [a].[UserName]
FROM [AspNetUsers] AS [a]
WHERE [a].[IsSoftDeleted] = CAST(0 AS bit) AND [a].[NormalizedEmail] = @__normalizedEmail_0
[12:10:01 INF] Executed DbCommand (1ms) [Parameters=[@__normalizedEmail_0='?' (Size = 256)], CommandType='Text', CommandTimeout='30']
SELECT TOP(2) [a].[Id], [a].[AccessFailedCount], [a].[AssignedDoctorId], [a].[ClinicId], [a].[ConcurrencyStamp], [a].[Email], [a].[EmailConfirmed], [a].[FullName], [a].[IsSoftDeleted], [a].[LockoutEnabled], [a].[LockoutEnd], [a].[NormalizedEmail], [a].[NormalizedUserName], [a].[PasswordHash], [a].[PhoneNumber], [a].[PhoneNumberConfirmed], [a].[SecurityStamp], [a].[TwoFactorEnabled], [a].[UserName]
FROM [AspNetUsers] AS [a]
WHERE [a].[IsSoftDeleted] = CAST(0 AS bit) AND [a].[NormalizedEmail] = @__normalizedEmail_0
[12:10:01 INF] Executed DbCommand (2ms) [Parameters=[@__normalizedRoleName_0='?' (Size = 256)], CommandType='Text', CommandTimeout='30']
SELECT TOP(2) [a].[Id], [a].[ConcurrencyStamp], [a].[Name], [a].[NormalizedName]
FROM [AspNetRoles] AS [a]
WHERE [a].[NormalizedName] = @__normalizedRoleName_0
[12:10:01 INF] Executed DbCommand (2ms) [Parameters=[@__p_0='?' (Size = 450), @__p_1='?' (Size = 450)], CommandType='Text', CommandTimeout='30']
SELECT TOP(1) [a].[UserId], [a].[RoleId]
FROM [AspNetUserRoles] AS [a]
WHERE [a].[UserId] = @__p_0 AND [a].[RoleId] = @__p_1
[12:10:01 INF] Executed DbCommand (1ms) [Parameters=[@__normalizedEmail_0='?' (Size = 256)], CommandType='Text', CommandTimeout='30']
SELECT TOP(2) [a].[Id], [a].[AccessFailedCount], [a].[AssignedDoctorId], [a].[ClinicId], [a].[ConcurrencyStamp], [a].[Email], [a].[EmailConfirmed], [a].[FullName], [a].[IsSoftDeleted], [a].[LockoutEnabled], [a].[LockoutEnd], [a].[NormalizedEmail], [a].[NormalizedUserName], [a].[PasswordHash], [a].[PhoneNumber], [a].[PhoneNumberConfirmed], [a].[SecurityStamp], [a].[TwoFactorEnabled], [a].[UserName]
FROM [AspNetUsers] AS [a]
WHERE [a].[IsSoftDeleted] = CAST(0 AS bit) AND [a].[NormalizedEmail] = @__normalizedEmail_0
[12:10:01 INF] Executed DbCommand (1ms) [Parameters=[@__normalizedRoleName_0='?' (Size = 256)], CommandType='Text', CommandTimeout='30']
SELECT TOP(2) [a].[Id], [a].[ConcurrencyStamp], [a].[Name], [a].[NormalizedName]
FROM [AspNetRoles] AS [a]
WHERE [a].[NormalizedName] = @__normalizedRoleName_0
[12:10:01 INF] Executed DbCommand (0ms) [Parameters=[@__p_0='?' (Size = 450), @__p_1='?' (Size = 450)], CommandType='Text', CommandTimeout='30']
SELECT TOP(1) [a].[UserId], [a].[RoleId]
FROM [AspNetUserRoles] AS [a]
WHERE [a].[UserId] = @__p_0 AND [a].[RoleId] = @__p_1
[12:10:01 INF] Executed DbCommand (0ms) [Parameters=[@__normalizedEmail_0='?' (Size = 256)], CommandType='Text', CommandTimeout='30']
SELECT TOP(2) [a].[Id], [a].[AccessFailedCount], [a].[AssignedDoctorId], [a].[ClinicId], [a].[ConcurrencyStamp], [a].[Email], [a].[EmailConfirmed], [a].[FullName], [a].[IsSoftDeleted], [a].[LockoutEnabled], [a].[LockoutEnd], [a].[NormalizedEmail], [a].[NormalizedUserName], [a].[PasswordHash], [a].[PhoneNumber], [a].[PhoneNumberConfirmed], [a].[SecurityStamp], [a].[TwoFactorEnabled], [a].[UserName]
FROM [AspNetUsers] AS [a]
WHERE [a].[IsSoftDeleted] = CAST(0 AS bit) AND [a].[NormalizedEmail] = @__normalizedEmail_0
[12:10:01 INF] Executed DbCommand (0ms) [Parameters=[@__normalizedRoleName_0='?' (Size = 256)], CommandType='Text', CommandTimeout='30']
SELECT TOP(2) [a].[Id], [a].[ConcurrencyStamp], [a].[Name], [a].[NormalizedName]
FROM [AspNetRoles] AS [a]
WHERE [a].[NormalizedName] = @__normalizedRoleName_0
[12:10:01 INF] Executed DbCommand (0ms) [Parameters=[@__p_0='?' (Size = 450), @__p_1='?' (Size = 450)], CommandType='Text', CommandTimeout='30']
SELECT TOP(1) [a].[UserId], [a].[RoleId]
FROM [AspNetUserRoles] AS [a]
WHERE [a].[UserId] = @__p_0 AND [a].[RoleId] = @__p_1
[12:10:01 INF] Executed DbCommand (1ms) [Parameters=[@__normalizedEmail_0='?' (Size = 256)], CommandType='Text', CommandTimeout='30']
SELECT TOP(2) [a].[Id], [a].[AccessFailedCount], [a].[AssignedDoctorId], [a].[ClinicId], [a].[ConcurrencyStamp], [a].[Email], [a].[EmailConfirmed], [a].[FullName], [a].[IsSoftDeleted], [a].[LockoutEnabled], [a].[LockoutEnd], [a].[NormalizedEmail], [a].[NormalizedUserName], [a].[PasswordHash], [a].[PhoneNumber], [a].[PhoneNumberConfirmed], [a].[SecurityStamp], [a].[TwoFactorEnabled], [a].[UserName]
FROM [AspNetUsers] AS [a]
WHERE [a].[IsSoftDeleted] = CAST(0 AS bit) AND [a].[NormalizedEmail] = @__normalizedEmail_0
[12:10:01 INF] Executed DbCommand (0ms) [Parameters=[@__normalizedRoleName_0='?' (Size = 256)], CommandType='Text', CommandTimeout='30']
SELECT TOP(2) [a].[Id], [a].[ConcurrencyStamp], [a].[Name], [a].[NormalizedName]
FROM [AspNetRoles] AS [a]
WHERE [a].[NormalizedName] = @__normalizedRoleName_0
[12:10:01 INF] Executed DbCommand (0ms) [Parameters=[@__p_0='?' (Size = 450), @__p_1='?' (Size = 450)], CommandType='Text', CommandTimeout='30']
SELECT TOP(1) [a].[UserId], [a].[RoleId]
FROM [AspNetUserRoles] AS [a]
WHERE [a].[UserId] = @__p_0 AND [a].[RoleId] = @__p_1
[12:10:01 INF] Executed DbCommand (3ms) [Parameters=[@__doctorUser_Id_0='?' (Size = 450)], CommandType='Text', CommandTimeout='30']
SELECT TOP(1) [d].[Id], [d].[Bio], [d].[City], [d].[Languages], [d].[LicenseNumber], [d].[OfficeAddress], [d].[ProfileImagePath], [d].[Specialty], [d].[UserId]
FROM [Doctors] AS [d]
WHERE [d].[UserId] = @__doctorUser_Id_0
[12:10:01 INF] Executed DbCommand (5ms) [Parameters=[@__patientUser_Id_0='?' (Size = 450)], CommandType='Text', CommandTimeout='30']
SELECT TOP(1) [p].[Id], [p].[Address], [p].[DateOfBirth], [p].[NationalId], [p].[Phone], [p].[UserId], [p].[UserName]
FROM [Patients] AS [p]
WHERE [p].[UserId] = @__patientUser_Id_0
